<?xml version="1.0" encoding="UTF-8"?>
<coverage generated="1768499589012" clover="3.2.0">
  <project timestamp="1768499589012" name="All files">
    <metrics statements="84" coveredstatements="84" conditionals="49" coveredconditionals="46" methods="28" coveredmethods="28" elements="161" coveredelements="158" complexity="0" loc="84" ncloc="84" packages="1" files="1" classes="1"/>
    <file name="index.js" path="/Users/diogoangelim/html-to-jsx/index.js">
      <metrics statements="84" coveredstatements="84" conditionals="49" coveredconditionals="46" methods="28" coveredmethods="28"/>
      <line num="1" count="1" type="stmt"/>
      <line num="2" count="1" type="stmt"/>
      <line num="4" count="56" type="stmt"/>
      <line num="7" count="21" type="stmt"/>
      <line num="8" count="21" type="cond" truecount="2" falsecount="0"/>
      <line num="9" count="1" type="stmt"/>
      <line num="10" count="20" type="stmt"/>
      <line num="11" count="52" type="stmt"/>
      <line num="13" count="68" type="stmt"/>
      <line num="14" count="34" type="cond" truecount="4" falsecount="0"/>
      <line num="15" count="2" type="stmt"/>
      <line num="16" count="32" type="stmt"/>
      <line num="17" count="32" type="stmt"/>
      <line num="20" count="20" type="stmt"/>
      <line num="22" count="1" type="stmt"/>
      <line num="23" count="4" type="stmt"/>
      <line num="24" count="4" type="cond" truecount="4" falsecount="0"/>
      <line num="25" count="3" type="stmt"/>
      <line num="26" count="3" type="cond" truecount="1" falsecount="1"/>
      <line num="28" count="4" type="cond" truecount="4" falsecount="0"/>
      <line num="31" count="56" type="cond" truecount="2" falsecount="0"/>
      <line num="32" count="56" type="stmt"/>
      <line num="35" count="56" type="stmt"/>
      <line num="38" count="58" type="stmt"/>
      <line num="41" count="57" type="stmt"/>
      <line num="43" count="1" type="stmt"/>
      <line num="44" count="10" type="cond" truecount="2" falsecount="0"/>
      <line num="46" count="1" type="stmt"/>
      <line num="47" count="6" type="cond" truecount="5" falsecount="0"/>
      <line num="48" count="5" type="stmt"/>
      <line num="51" count="1" type="stmt"/>
      <line num="52" count="8" type="cond" truecount="2" falsecount="0"/>
      <line num="53" count="4" type="stmt"/>
      <line num="56" count="1" type="stmt"/>
      <line num="58" count="4" type="stmt"/>
      <line num="59" count="4" type="stmt"/>
      <line num="60" count="4" type="stmt"/>
      <line num="64" count="3" type="stmt"/>
      <line num="66" count="6" type="cond" truecount="2" falsecount="0"/>
      <line num="72" count="55" type="stmt"/>
      <line num="73" count="16" type="stmt"/>
      <line num="77" count="55" type="stmt"/>
      <line num="80" count="54" type="stmt"/>
      <line num="83" count="55" type="stmt"/>
      <line num="86" count="63" type="stmt"/>
      <line num="87" count="63" type="stmt"/>
      <line num="88" count="63" type="stmt"/>
      <line num="89" count="63" type="stmt"/>
      <line num="90" count="63" type="stmt"/>
      <line num="91" count="63" type="stmt"/>
      <line num="94" count="8" type="cond" truecount="2" falsecount="0"/>
      <line num="95" count="1" type="stmt"/>
      <line num="97" count="7" type="cond" truecount="2" falsecount="0"/>
      <line num="98" count="1" type="stmt"/>
      <line num="100" count="6" type="stmt"/>
      <line num="101" count="6" type="stmt"/>
      <line num="103" count="6" type="stmt"/>
      <line num="104" count="14" type="stmt"/>
      <line num="105" count="14" type="stmt"/>
      <line num="106" count="14" type="cond" truecount="4" falsecount="0"/>
      <line num="107" count="2" type="stmt"/>
      <line num="109" count="12" type="cond" truecount="2" falsecount="0"/>
      <line num="110" count="5" type="cond" truecount="2" falsecount="0"/>
      <line num="111" count="1" type="stmt"/>
      <line num="113" count="4" type="stmt"/>
      <line num="114" count="4" type="cond" truecount="2" falsecount="0"/>
      <line num="115" count="2" type="stmt"/>
      <line num="119" count="7" type="stmt"/>
      <line num="122" count="3" type="cond" truecount="2" falsecount="0"/>
      <line num="123" count="2" type="stmt"/>
      <line num="125" count="2" type="stmt"/>
      <line num="128" count="54" type="cond" truecount="2" falsecount="2"/>
      <line num="130" count="54" type="stmt"/>
      <line num="133" count="54" type="stmt"/>
      <line num="134" count="54" type="stmt"/>
      <line num="135" count="54" type="stmt"/>
      <line num="136" count="54" type="stmt"/>
      <line num="137" count="54" type="stmt"/>
      <line num="138" count="54" type="stmt"/>
      <line num="139" count="54" type="stmt"/>
      <line num="140" count="54" type="stmt"/>
      <line num="141" count="54" type="stmt"/>
      <line num="142" count="54" type="stmt"/>
      <line num="143" count="54" type="stmt"/>
    </file>
  </project>
</coverage>
