{"/Users/diogoangelim/html-to-jsx/index.js": {"path":"/Users/diogoangelim/html-to-jsx/index.js","statementMap":{"0":{"start":{"line":1,"column":24},"end":{"line":1,"column":91}},"1":{"start":{"line":2,"column":29},"end":{"line":2,"column":194}},"2":{"start":{"line":4,"column":4},"end":{"line":4,"column":32}},"3":{"start":{"line":7,"column":21},"end":{"line":7,"column":58}},"4":{"start":{"line":8,"column":4},"end":{"line":9,"column":20}},"5":{"start":{"line":9,"column":8},"end":{"line":9,"column":20}},"6":{"start":{"line":10,"column":19},"end":{"line":19,"column":24}},"7":{"start":{"line":11,"column":27},"end":{"line":11,"column":39}},"8":{"start":{"line":13,"column":34},"end":{"line":13,"column":71}},"9":{"start":{"line":13,"column":62},"end":{"line":13,"column":70}},"10":{"start":{"line":14,"column":8},"end":{"line":15,"column":22}},"11":{"start":{"line":15,"column":12},"end":{"line":15,"column":22}},"12":{"start":{"line":16,"column":30},"end":{"line":16,"column":96}},"13":{"start":{"line":16,"column":75},"end":{"line":16,"column":95}},"14":{"start":{"line":17,"column":8},"end":{"line":17,"column":46}},"15":{"start":{"line":20,"column":4},"end":{"line":20,"column":36}},"16":{"start":{"line":22,"column":32},"end":{"line":25,"column":1}},"17":{"start":{"line":23,"column":25},"end":{"line":23,"column":70}},"18":{"start":{"line":24,"column":4},"end":{"line":24,"column":65}},"19":{"start":{"line":27,"column":19},"end":{"line":27,"column":193}},"20":{"start":{"line":27,"column":146},"end":{"line":27,"column":192}},"21":{"start":{"line":28,"column":4},"end":{"line":28,"column":42}},"22":{"start":{"line":31,"column":4},"end":{"line":31,"column":83}},"23":{"start":{"line":34,"column":4},"end":{"line":34,"column":52}},"24":{"start":{"line":37,"column":4},"end":{"line":37,"column":51}},"25":{"start":{"line":39,"column":20},"end":{"line":41,"column":1}},"26":{"start":{"line":40,"column":4},"end":{"line":40,"column":75}},"27":{"start":{"line":42,"column":22},"end":{"line":46,"column":1}},"28":{"start":{"line":43,"column":4},"end":{"line":45,"column":5}},"29":{"start":{"line":44,"column":8},"end":{"line":44,"column":61}},"30":{"start":{"line":47,"column":20},"end":{"line":51,"column":1}},"31":{"start":{"line":48,"column":4},"end":{"line":50,"column":5}},"32":{"start":{"line":49,"column":8},"end":{"line":49,"column":55}},"33":{"start":{"line":52,"column":21},"end":{"line":58,"column":1}},"34":{"start":{"line":54,"column":18},"end":{"line":54,"column":33}},"35":{"start":{"line":55,"column":4},"end":{"line":57,"column":5}},"36":{"start":{"line":56,"column":8},"end":{"line":56,"column":44}},"37":{"start":{"line":60,"column":4},"end":{"line":65,"column":18}},"38":{"start":{"line":62,"column":30},"end":{"line":64,"column":68}},"39":{"start":{"line":68,"column":4},"end":{"line":70,"column":7}},"40":{"start":{"line":69,"column":8},"end":{"line":69,"column":52}},"41":{"start":{"line":73,"column":4},"end":{"line":73,"column":41}},"42":{"start":{"line":76,"column":4},"end":{"line":76,"column":60}},"43":{"start":{"line":79,"column":4},"end":{"line":79,"column":77}},"44":{"start":{"line":82,"column":4},"end":{"line":82,"column":46}},"45":{"start":{"line":83,"column":4},"end":{"line":83,"column":64}},"46":{"start":{"line":84,"column":4},"end":{"line":84,"column":56}},"47":{"start":{"line":85,"column":4},"end":{"line":85,"column":63}},"48":{"start":{"line":86,"column":4},"end":{"line":86,"column":69}},"49":{"start":{"line":87,"column":4},"end":{"line":87,"column":67}},"50":{"start":{"line":90,"column":4},"end":{"line":92,"column":5}},"51":{"start":{"line":91,"column":8},"end":{"line":91,"column":55}},"52":{"start":{"line":93,"column":4},"end":{"line":95,"column":5}},"53":{"start":{"line":94,"column":8},"end":{"line":94,"column":32}},"54":{"start":{"line":96,"column":21},"end":{"line":96,"column":23}},"55":{"start":{"line":97,"column":21},"end":{"line":97,"column":58}},"56":{"start":{"line":99,"column":4},"end":{"line":117,"column":5}},"57":{"start":{"line":100,"column":24},"end":{"line":100,"column":32}},"58":{"start":{"line":101,"column":24},"end":{"line":101,"column":46}},"59":{"start":{"line":102,"column":8},"end":{"line":104,"column":9}},"60":{"start":{"line":103,"column":12},"end":{"line":103,"column":21}},"61":{"start":{"line":105,"column":8},"end":{"line":116,"column":9}},"62":{"start":{"line":106,"column":12},"end":{"line":108,"column":13}},"63":{"start":{"line":107,"column":16},"end":{"line":107,"column":70}},"64":{"start":{"line":109,"column":32},"end":{"line":109,"column":46}},"65":{"start":{"line":110,"column":12},"end":{"line":112,"column":13}},"66":{"start":{"line":111,"column":16},"end":{"line":111,"column":103}},"67":{"start":{"line":115,"column":12},"end":{"line":115,"column":35}},"68":{"start":{"line":118,"column":4},"end":{"line":120,"column":5}},"69":{"start":{"line":119,"column":8},"end":{"line":119,"column":88}},"70":{"start":{"line":119,"column":62},"end":{"line":119,"column":72}},"71":{"start":{"line":121,"column":4},"end":{"line":121,"column":28}},"72":{"start":{"line":124,"column":4},"end":{"line":134,"column":5}},"73":{"start":{"line":125,"column":8},"end":{"line":133,"column":9}},"74":{"start":{"line":128,"column":29},"end":{"line":128,"column":48}},"75":{"start":{"line":129,"column":12},"end":{"line":129,"column":54}},"76":{"start":{"line":132,"column":12},"end":{"line":132,"column":99}},"77":{"start":{"line":135,"column":4},"end":{"line":135,"column":16}},"78":{"start":{"line":138,"column":4},"end":{"line":138,"column":35}},"79":{"start":{"line":139,"column":4},"end":{"line":139,"column":29}},"80":{"start":{"line":140,"column":4},"end":{"line":140,"column":38}},"81":{"start":{"line":141,"column":4},"end":{"line":141,"column":51}},"82":{"start":{"line":142,"column":4},"end":{"line":142,"column":41}},"83":{"start":{"line":143,"column":4},"end":{"line":143,"column":32}},"84":{"start":{"line":144,"column":4},"end":{"line":144,"column":26}},"85":{"start":{"line":145,"column":4},"end":{"line":145,"column":38}},"86":{"start":{"line":146,"column":4},"end":{"line":146,"column":39}},"87":{"start":{"line":147,"column":4},"end":{"line":147,"column":35}},"88":{"start":{"line":148,"column":4},"end":{"line":148,"column":41}}},"fnMap":{"0":{"name":"wrapIntoDiv","decl":{"start":{"line":3,"column":16},"end":{"line":3,"column":27}},"loc":{"start":{"line":3,"column":34},"end":{"line":5,"column":1}},"line":3},"1":{"name":"cssToObject","decl":{"start":{"line":6,"column":9},"end":{"line":6,"column":20}},"loc":{"start":{"line":6,"column":32},"end":{"line":21,"column":1}},"line":6},"2":{"name":"(anonymous_2)","decl":{"start":{"line":11,"column":16},"end":{"line":11,"column":17}},"loc":{"start":{"line":11,"column":27},"end":{"line":11,"column":39}},"line":11},"3":{"name":"(anonymous_3)","decl":{"start":{"line":12,"column":13},"end":{"line":12,"column":14}},"loc":{"start":{"line":12,"column":24},"end":{"line":18,"column":5}},"line":12},"4":{"name":"(anonymous_4)","decl":{"start":{"line":13,"column":55},"end":{"line":13,"column":56}},"loc":{"start":{"line":13,"column":62},"end":{"line":13,"column":70}},"line":13},"5":{"name":"(anonymous_5)","decl":{"start":{"line":16,"column":60},"end":{"line":16,"column":61}},"loc":{"start":{"line":16,"column":75},"end":{"line":16,"column":95}},"line":16},"6":{"name":"(anonymous_6)","decl":{"start":{"line":22,"column":32},"end":{"line":22,"column":33}},"loc":{"start":{"line":22,"column":64},"end":{"line":25,"column":1}},"line":22},"7":{"name":"closeSelfClosingTags","decl":{"start":{"line":26,"column":16},"end":{"line":26,"column":36}},"loc":{"start":{"line":26,"column":43},"end":{"line":29,"column":1}},"line":26},"8":{"name":"(anonymous_8)","decl":{"start":{"line":27,"column":113},"end":{"line":27,"column":114}},"loc":{"start":{"line":27,"column":146},"end":{"line":27,"column":192}},"line":27},"9":{"name":"convertEventAttributesToCamelCase","decl":{"start":{"line":30,"column":16},"end":{"line":30,"column":49}},"loc":{"start":{"line":30,"column":56},"end":{"line":32,"column":1}},"line":30},"10":{"name":"convertClassToClassName","decl":{"start":{"line":33,"column":16},"end":{"line":33,"column":39}},"loc":{"start":{"line":33,"column":46},"end":{"line":35,"column":1}},"line":33},"11":{"name":"removeComments","decl":{"start":{"line":36,"column":16},"end":{"line":36,"column":30}},"loc":{"start":{"line":36,"column":37},"end":{"line":38,"column":1}},"line":36},"12":{"name":"(anonymous_12)","decl":{"start":{"line":39,"column":20},"end":{"line":39,"column":21}},"loc":{"start":{"line":39,"column":29},"end":{"line":41,"column":1}},"line":39},"13":{"name":"(anonymous_13)","decl":{"start":{"line":42,"column":22},"end":{"line":42,"column":23}},"loc":{"start":{"line":42,"column":32},"end":{"line":46,"column":1}},"line":42},"14":{"name":"(anonymous_14)","decl":{"start":{"line":47,"column":20},"end":{"line":47,"column":21}},"loc":{"start":{"line":47,"column":29},"end":{"line":51,"column":1}},"line":47},"15":{"name":"(anonymous_15)","decl":{"start":{"line":52,"column":21},"end":{"line":52,"column":22}},"loc":{"start":{"line":52,"column":31},"end":{"line":58,"column":1}},"line":52},"16":{"name":"toCamelCase","decl":{"start":{"line":59,"column":16},"end":{"line":59,"column":27}},"loc":{"start":{"line":59,"column":36},"end":{"line":66,"column":1}},"line":59},"17":{"name":"(anonymous_17)","decl":{"start":{"line":62,"column":13},"end":{"line":62,"column":14}},"loc":{"start":{"line":62,"column":30},"end":{"line":64,"column":68}},"line":62},"18":{"name":"convertStyleToObject","decl":{"start":{"line":67,"column":16},"end":{"line":67,"column":36}},"loc":{"start":{"line":67,"column":43},"end":{"line":71,"column":1}},"line":67},"19":{"name":"(anonymous_19)","decl":{"start":{"line":68,"column":52},"end":{"line":68,"column":53}},"loc":{"start":{"line":68,"column":75},"end":{"line":70,"column":5}},"line":68},"20":{"name":"imageFix","decl":{"start":{"line":72,"column":16},"end":{"line":72,"column":24}},"loc":{"start":{"line":72,"column":31},"end":{"line":74,"column":1}},"line":72},"21":{"name":"removeInvalidTags","decl":{"start":{"line":75,"column":16},"end":{"line":75,"column":33}},"loc":{"start":{"line":75,"column":40},"end":{"line":77,"column":1}},"line":75},"22":{"name":"removeUnsuportedAttrs","decl":{"start":{"line":78,"column":16},"end":{"line":78,"column":37}},"loc":{"start":{"line":78,"column":44},"end":{"line":80,"column":1}},"line":78},"23":{"name":"replaceAttributes","decl":{"start":{"line":81,"column":16},"end":{"line":81,"column":33}},"loc":{"start":{"line":81,"column":40},"end":{"line":88,"column":1}},"line":81},"24":{"name":"validateHtml","decl":{"start":{"line":89,"column":16},"end":{"line":89,"column":28}},"loc":{"start":{"line":89,"column":35},"end":{"line":122,"column":1}},"line":89},"25":{"name":"(anonymous_25)","decl":{"start":{"line":119,"column":55},"end":{"line":119,"column":56}},"loc":{"start":{"line":119,"column":62},"end":{"line":119,"column":72}},"line":119},"26":{"name":"indentAllLines","decl":{"start":{"line":123,"column":16},"end":{"line":123,"column":30}},"loc":{"start":{"line":123,"column":46},"end":{"line":136,"column":1}},"line":123},"27":{"name":"convert","decl":{"start":{"line":137,"column":24},"end":{"line":137,"column":31}},"loc":{"start":{"line":137,"column":47},"end":{"line":149,"column":1}},"line":137}},"branchMap":{"0":{"loc":{"start":{"line":8,"column":4},"end":{"line":9,"column":20}},"type":"if","locations":[{"start":{"line":8,"column":4},"end":{"line":9,"column":20}},{"start":{},"end":{}}],"line":8},"1":{"loc":{"start":{"line":14,"column":8},"end":{"line":15,"column":22}},"type":"if","locations":[{"start":{"line":14,"column":8},"end":{"line":15,"column":22}},{"start":{},"end":{}}],"line":14},"2":{"loc":{"start":{"line":14,"column":12},"end":{"line":14,"column":31}},"type":"binary-expr","locations":[{"start":{"line":14,"column":12},"end":{"line":14,"column":21}},{"start":{"line":14,"column":25},"end":{"line":14,"column":31}}],"line":14},"3":{"loc":{"start":{"line":27,"column":160},"end":{"line":27,"column":188}},"type":"cond-expr","locations":[{"start":{"line":27,"column":173},"end":{"line":27,"column":183}},{"start":{"line":27,"column":186},"end":{"line":27,"column":188}}],"line":27},"4":{"loc":{"start":{"line":40,"column":11},"end":{"line":40,"column":74}},"type":"binary-expr","locations":[{"start":{"line":40,"column":11},"end":{"line":40,"column":41}},{"start":{"line":40,"column":45},"end":{"line":40,"column":74}}],"line":40},"5":{"loc":{"start":{"line":43,"column":4},"end":{"line":45,"column":5}},"type":"if","locations":[{"start":{"line":43,"column":4},"end":{"line":45,"column":5}},{"start":{},"end":{}}],"line":43},"6":{"loc":{"start":{"line":43,"column":8},"end":{"line":43,"column":63}},"type":"binary-expr","locations":[{"start":{"line":43,"column":8},"end":{"line":43,"column":32}},{"start":{"line":43,"column":36},"end":{"line":43,"column":54}},{"start":{"line":43,"column":58},"end":{"line":43,"column":63}}],"line":43},"7":{"loc":{"start":{"line":48,"column":4},"end":{"line":50,"column":5}},"type":"if","locations":[{"start":{"line":48,"column":4},"end":{"line":50,"column":5}},{"start":{},"end":{}}],"line":48},"8":{"loc":{"start":{"line":62,"column":30},"end":{"line":64,"column":68}},"type":"cond-expr","locations":[{"start":{"line":63,"column":10},"end":{"line":63,"column":28}},{"start":{"line":64,"column":10},"end":{"line":64,"column":68}}],"line":62},"9":{"loc":{"start":{"line":90,"column":4},"end":{"line":92,"column":5}},"type":"if","locations":[{"start":{"line":90,"column":4},"end":{"line":92,"column":5}},{"start":{},"end":{}}],"line":90},"10":{"loc":{"start":{"line":93,"column":4},"end":{"line":95,"column":5}},"type":"if","locations":[{"start":{"line":93,"column":4},"end":{"line":95,"column":5}},{"start":{},"end":{}}],"line":93},"11":{"loc":{"start":{"line":102,"column":8},"end":{"line":104,"column":9}},"type":"if","locations":[{"start":{"line":102,"column":8},"end":{"line":104,"column":9}},{"start":{},"end":{}}],"line":102},"12":{"loc":{"start":{"line":102,"column":12},"end":{"line":102,"column":71}},"type":"binary-expr","locations":[{"start":{"line":102,"column":12},"end":{"line":102,"column":34}},{"start":{"line":102,"column":38},"end":{"line":102,"column":71}}],"line":102},"13":{"loc":{"start":{"line":105,"column":8},"end":{"line":116,"column":9}},"type":"if","locations":[{"start":{"line":105,"column":8},"end":{"line":116,"column":9}},{"start":{"line":114,"column":13},"end":{"line":116,"column":9}}],"line":105},"14":{"loc":{"start":{"line":106,"column":12},"end":{"line":108,"column":13}},"type":"if","locations":[{"start":{"line":106,"column":12},"end":{"line":108,"column":13}},{"start":{},"end":{}}],"line":106},"15":{"loc":{"start":{"line":110,"column":12},"end":{"line":112,"column":13}},"type":"if","locations":[{"start":{"line":110,"column":12},"end":{"line":112,"column":13}},{"start":{},"end":{}}],"line":110},"16":{"loc":{"start":{"line":118,"column":4},"end":{"line":120,"column":5}},"type":"if","locations":[{"start":{"line":118,"column":4},"end":{"line":120,"column":5}},{"start":{},"end":{}}],"line":118},"17":{"loc":{"start":{"line":124,"column":4},"end":{"line":134,"column":5}},"type":"if","locations":[{"start":{"line":124,"column":4},"end":{"line":134,"column":5}},{"start":{},"end":{}}],"line":124},"18":{"loc":{"start":{"line":124,"column":8},"end":{"line":124,"column":37}},"type":"binary-expr","locations":[{"start":{"line":124,"column":8},"end":{"line":124,"column":15}},{"start":{"line":124,"column":19},"end":{"line":124,"column":37}}],"line":124}},"s":{"0":1,"1":1,"2":56,"3":19,"4":19,"5":1,"6":18,"7":48,"8":32,"9":64,"10":32,"11":0,"12":32,"13":11,"14":32,"15":18,"16":1,"17":0,"18":0,"19":56,"20":12,"21":56,"22":56,"23":58,"24":57,"25":1,"26":10,"27":1,"28":6,"29":5,"30":1,"31":8,"32":4,"33":1,"34":4,"35":4,"36":4,"37":3,"38":6,"39":55,"40":16,"41":55,"42":54,"43":55,"44":63,"45":63,"46":63,"47":63,"48":63,"49":63,"50":8,"51":1,"52":7,"53":1,"54":6,"55":6,"56":6,"57":14,"58":14,"59":14,"60":2,"61":12,"62":5,"63":1,"64":4,"65":4,"66":2,"67":7,"68":3,"69":1,"70":2,"71":2,"72":54,"73":0,"74":0,"75":0,"76":0,"77":54,"78":54,"79":54,"80":54,"81":54,"82":54,"83":54,"84":54,"85":54,"86":54,"87":54,"88":54},"f":{"0":56,"1":19,"2":48,"3":32,"4":64,"5":11,"6":0,"7":56,"8":12,"9":56,"10":58,"11":57,"12":10,"13":6,"14":8,"15":4,"16":3,"17":6,"18":55,"19":16,"20":55,"21":54,"22":55,"23":63,"24":8,"25":2,"26":54,"27":54},"b":{"0":[1,18],"1":[0,32],"2":[32,32],"3":[9,3],"4":[10,5],"5":[5,1],"6":[6,3,1],"7":[4,4],"8":[3,3],"9":[1,7],"10":[1,6],"11":[2,12],"12":[14,14],"13":[5,7],"14":[1,4],"15":[2,2],"16":[1,2],"17":[0,54],"18":[54,0]},"_coverageSchema":"1a1c01bbd47fc00a2c39e90264f33305004495a9","hash":"f64156eab5aaaf649828efca8b5c9be4514b4c4e"}
}
