{"/Users/diogoangelim/html-to-jsx/index.js": {"path":"/Users/diogoangelim/html-to-jsx/index.js","statementMap":{"0":{"start":{"line":1,"column":24},"end":{"line":1,"column":91}},"1":{"start":{"line":2,"column":29},"end":{"line":2,"column":194}},"2":{"start":{"line":4,"column":4},"end":{"line":4,"column":32}},"3":{"start":{"line":7,"column":21},"end":{"line":7,"column":58}},"4":{"start":{"line":8,"column":4},"end":{"line":9,"column":20}},"5":{"start":{"line":9,"column":8},"end":{"line":9,"column":20}},"6":{"start":{"line":10,"column":19},"end":{"line":19,"column":24}},"7":{"start":{"line":11,"column":27},"end":{"line":11,"column":39}},"8":{"start":{"line":13,"column":34},"end":{"line":13,"column":71}},"9":{"start":{"line":13,"column":62},"end":{"line":13,"column":70}},"10":{"start":{"line":14,"column":8},"end":{"line":15,"column":22}},"11":{"start":{"line":15,"column":12},"end":{"line":15,"column":22}},"12":{"start":{"line":16,"column":30},"end":{"line":16,"column":96}},"13":{"start":{"line":16,"column":75},"end":{"line":16,"column":95}},"14":{"start":{"line":17,"column":8},"end":{"line":17,"column":46}},"15":{"start":{"line":20,"column":4},"end":{"line":20,"column":36}},"16":{"start":{"line":22,"column":32},"end":{"line":30,"column":1}},"17":{"start":{"line":24,"column":23},"end":{"line":24,"column":25}},"18":{"start":{"line":25,"column":4},"end":{"line":28,"column":5}},"19":{"start":{"line":26,"column":22},"end":{"line":26,"column":53}},"20":{"start":{"line":27,"column":8},"end":{"line":27,"column":56}},"21":{"start":{"line":29,"column":4},"end":{"line":29,"column":106}},"22":{"start":{"line":32,"column":19},"end":{"line":32,"column":193}},"23":{"start":{"line":32,"column":146},"end":{"line":32,"column":192}},"24":{"start":{"line":33,"column":4},"end":{"line":33,"column":42}},"25":{"start":{"line":36,"column":4},"end":{"line":36,"column":83}},"26":{"start":{"line":39,"column":4},"end":{"line":39,"column":52}},"27":{"start":{"line":42,"column":4},"end":{"line":42,"column":51}},"28":{"start":{"line":44,"column":20},"end":{"line":46,"column":1}},"29":{"start":{"line":45,"column":4},"end":{"line":45,"column":75}},"30":{"start":{"line":47,"column":22},"end":{"line":51,"column":1}},"31":{"start":{"line":48,"column":4},"end":{"line":50,"column":5}},"32":{"start":{"line":49,"column":8},"end":{"line":49,"column":61}},"33":{"start":{"line":52,"column":20},"end":{"line":56,"column":1}},"34":{"start":{"line":53,"column":4},"end":{"line":55,"column":5}},"35":{"start":{"line":54,"column":8},"end":{"line":54,"column":55}},"36":{"start":{"line":57,"column":21},"end":{"line":63,"column":1}},"37":{"start":{"line":59,"column":18},"end":{"line":59,"column":33}},"38":{"start":{"line":60,"column":4},"end":{"line":62,"column":5}},"39":{"start":{"line":61,"column":8},"end":{"line":61,"column":44}},"40":{"start":{"line":65,"column":4},"end":{"line":70,"column":18}},"41":{"start":{"line":67,"column":30},"end":{"line":69,"column":68}},"42":{"start":{"line":73,"column":4},"end":{"line":75,"column":7}},"43":{"start":{"line":74,"column":8},"end":{"line":74,"column":52}},"44":{"start":{"line":78,"column":4},"end":{"line":78,"column":41}},"45":{"start":{"line":81,"column":4},"end":{"line":81,"column":60}},"46":{"start":{"line":84,"column":4},"end":{"line":84,"column":77}},"47":{"start":{"line":87,"column":4},"end":{"line":87,"column":46}},"48":{"start":{"line":88,"column":4},"end":{"line":88,"column":64}},"49":{"start":{"line":89,"column":4},"end":{"line":89,"column":56}},"50":{"start":{"line":90,"column":4},"end":{"line":90,"column":63}},"51":{"start":{"line":91,"column":4},"end":{"line":91,"column":69}},"52":{"start":{"line":92,"column":4},"end":{"line":92,"column":67}},"53":{"start":{"line":95,"column":4},"end":{"line":97,"column":5}},"54":{"start":{"line":96,"column":8},"end":{"line":96,"column":55}},"55":{"start":{"line":98,"column":4},"end":{"line":100,"column":5}},"56":{"start":{"line":99,"column":8},"end":{"line":99,"column":32}},"57":{"start":{"line":101,"column":21},"end":{"line":101,"column":23}},"58":{"start":{"line":102,"column":21},"end":{"line":102,"column":58}},"59":{"start":{"line":104,"column":4},"end":{"line":122,"column":5}},"60":{"start":{"line":105,"column":24},"end":{"line":105,"column":32}},"61":{"start":{"line":106,"column":24},"end":{"line":106,"column":46}},"62":{"start":{"line":107,"column":8},"end":{"line":109,"column":9}},"63":{"start":{"line":108,"column":12},"end":{"line":108,"column":21}},"64":{"start":{"line":110,"column":8},"end":{"line":121,"column":9}},"65":{"start":{"line":111,"column":12},"end":{"line":113,"column":13}},"66":{"start":{"line":112,"column":16},"end":{"line":112,"column":70}},"67":{"start":{"line":114,"column":32},"end":{"line":114,"column":46}},"68":{"start":{"line":115,"column":12},"end":{"line":117,"column":13}},"69":{"start":{"line":116,"column":16},"end":{"line":116,"column":103}},"70":{"start":{"line":120,"column":12},"end":{"line":120,"column":35}},"71":{"start":{"line":123,"column":4},"end":{"line":125,"column":5}},"72":{"start":{"line":124,"column":8},"end":{"line":124,"column":88}},"73":{"start":{"line":124,"column":62},"end":{"line":124,"column":72}},"74":{"start":{"line":126,"column":4},"end":{"line":126,"column":28}},"75":{"start":{"line":129,"column":4},"end":{"line":129,"column":35}},"76":{"start":{"line":130,"column":4},"end":{"line":130,"column":29}},"77":{"start":{"line":131,"column":4},"end":{"line":131,"column":38}},"78":{"start":{"line":132,"column":4},"end":{"line":132,"column":51}},"79":{"start":{"line":133,"column":4},"end":{"line":133,"column":41}},"80":{"start":{"line":134,"column":4},"end":{"line":134,"column":32}},"81":{"start":{"line":135,"column":4},"end":{"line":135,"column":26}},"82":{"start":{"line":136,"column":4},"end":{"line":136,"column":38}},"83":{"start":{"line":137,"column":4},"end":{"line":137,"column":39}},"84":{"start":{"line":138,"column":4},"end":{"line":138,"column":35}},"85":{"start":{"line":139,"column":4},"end":{"line":139,"column":16}}},"fnMap":{"0":{"name":"wrapIntoDiv","decl":{"start":{"line":3,"column":16},"end":{"line":3,"column":27}},"loc":{"start":{"line":3,"column":34},"end":{"line":5,"column":1}},"line":3},"1":{"name":"cssToObject","decl":{"start":{"line":6,"column":9},"end":{"line":6,"column":20}},"loc":{"start":{"line":6,"column":32},"end":{"line":21,"column":1}},"line":6},"2":{"name":"(anonymous_2)","decl":{"start":{"line":11,"column":16},"end":{"line":11,"column":17}},"loc":{"start":{"line":11,"column":27},"end":{"line":11,"column":39}},"line":11},"3":{"name":"(anonymous_3)","decl":{"start":{"line":12,"column":13},"end":{"line":12,"column":14}},"loc":{"start":{"line":12,"column":24},"end":{"line":18,"column":5}},"line":12},"4":{"name":"(anonymous_4)","decl":{"start":{"line":13,"column":55},"end":{"line":13,"column":56}},"loc":{"start":{"line":13,"column":62},"end":{"line":13,"column":70}},"line":13},"5":{"name":"(anonymous_5)","decl":{"start":{"line":16,"column":60},"end":{"line":16,"column":61}},"loc":{"start":{"line":16,"column":75},"end":{"line":16,"column":95}},"line":16},"6":{"name":"(anonymous_6)","decl":{"start":{"line":22,"column":32},"end":{"line":22,"column":33}},"loc":{"start":{"line":22,"column":64},"end":{"line":30,"column":1}},"line":22},"7":{"name":"closeSelfClosingTags","decl":{"start":{"line":31,"column":16},"end":{"line":31,"column":36}},"loc":{"start":{"line":31,"column":43},"end":{"line":34,"column":1}},"line":31},"8":{"name":"(anonymous_8)","decl":{"start":{"line":32,"column":113},"end":{"line":32,"column":114}},"loc":{"start":{"line":32,"column":146},"end":{"line":32,"column":192}},"line":32},"9":{"name":"convertEventAttributesToCamelCase","decl":{"start":{"line":35,"column":16},"end":{"line":35,"column":49}},"loc":{"start":{"line":35,"column":56},"end":{"line":37,"column":1}},"line":35},"10":{"name":"convertClassToClassName","decl":{"start":{"line":38,"column":16},"end":{"line":38,"column":39}},"loc":{"start":{"line":38,"column":46},"end":{"line":40,"column":1}},"line":38},"11":{"name":"removeComments","decl":{"start":{"line":41,"column":16},"end":{"line":41,"column":30}},"loc":{"start":{"line":41,"column":37},"end":{"line":43,"column":1}},"line":41},"12":{"name":"(anonymous_12)","decl":{"start":{"line":44,"column":20},"end":{"line":44,"column":21}},"loc":{"start":{"line":44,"column":29},"end":{"line":46,"column":1}},"line":44},"13":{"name":"(anonymous_13)","decl":{"start":{"line":47,"column":22},"end":{"line":47,"column":23}},"loc":{"start":{"line":47,"column":32},"end":{"line":51,"column":1}},"line":47},"14":{"name":"(anonymous_14)","decl":{"start":{"line":52,"column":20},"end":{"line":52,"column":21}},"loc":{"start":{"line":52,"column":29},"end":{"line":56,"column":1}},"line":52},"15":{"name":"(anonymous_15)","decl":{"start":{"line":57,"column":21},"end":{"line":57,"column":22}},"loc":{"start":{"line":57,"column":31},"end":{"line":63,"column":1}},"line":57},"16":{"name":"toCamelCase","decl":{"start":{"line":64,"column":16},"end":{"line":64,"column":27}},"loc":{"start":{"line":64,"column":36},"end":{"line":71,"column":1}},"line":64},"17":{"name":"(anonymous_17)","decl":{"start":{"line":67,"column":13},"end":{"line":67,"column":14}},"loc":{"start":{"line":67,"column":30},"end":{"line":69,"column":68}},"line":67},"18":{"name":"convertStyleToObject","decl":{"start":{"line":72,"column":16},"end":{"line":72,"column":36}},"loc":{"start":{"line":72,"column":43},"end":{"line":76,"column":1}},"line":72},"19":{"name":"(anonymous_19)","decl":{"start":{"line":73,"column":52},"end":{"line":73,"column":53}},"loc":{"start":{"line":73,"column":75},"end":{"line":75,"column":5}},"line":73},"20":{"name":"imageFix","decl":{"start":{"line":77,"column":16},"end":{"line":77,"column":24}},"loc":{"start":{"line":77,"column":31},"end":{"line":79,"column":1}},"line":77},"21":{"name":"removeInvalidTags","decl":{"start":{"line":80,"column":16},"end":{"line":80,"column":33}},"loc":{"start":{"line":80,"column":40},"end":{"line":82,"column":1}},"line":80},"22":{"name":"removeUnsuportedAttrs","decl":{"start":{"line":83,"column":16},"end":{"line":83,"column":37}},"loc":{"start":{"line":83,"column":44},"end":{"line":85,"column":1}},"line":83},"23":{"name":"replaceAttributes","decl":{"start":{"line":86,"column":16},"end":{"line":86,"column":33}},"loc":{"start":{"line":86,"column":40},"end":{"line":93,"column":1}},"line":86},"24":{"name":"validateHtml","decl":{"start":{"line":94,"column":16},"end":{"line":94,"column":28}},"loc":{"start":{"line":94,"column":35},"end":{"line":127,"column":1}},"line":94},"25":{"name":"(anonymous_25)","decl":{"start":{"line":124,"column":55},"end":{"line":124,"column":56}},"loc":{"start":{"line":124,"column":62},"end":{"line":124,"column":72}},"line":124},"26":{"name":"convert","decl":{"start":{"line":128,"column":24},"end":{"line":128,"column":31}},"loc":{"start":{"line":128,"column":47},"end":{"line":140,"column":1}},"line":128}},"branchMap":{"0":{"loc":{"start":{"line":8,"column":4},"end":{"line":9,"column":20}},"type":"if","locations":[{"start":{"line":8,"column":4},"end":{"line":9,"column":20}},{"start":{},"end":{}}],"line":8},"1":{"loc":{"start":{"line":14,"column":8},"end":{"line":15,"column":22}},"type":"if","locations":[{"start":{"line":14,"column":8},"end":{"line":15,"column":22}},{"start":{},"end":{}}],"line":14},"2":{"loc":{"start":{"line":14,"column":12},"end":{"line":14,"column":31}},"type":"binary-expr","locations":[{"start":{"line":14,"column":12},"end":{"line":14,"column":21}},{"start":{"line":14,"column":25},"end":{"line":14,"column":31}}],"line":14},"3":{"loc":{"start":{"line":25,"column":4},"end":{"line":28,"column":5}},"type":"if","locations":[{"start":{"line":25,"column":4},"end":{"line":28,"column":5}},{"start":{},"end":{}}],"line":25},"4":{"loc":{"start":{"line":25,"column":8},"end":{"line":25,"column":61}},"type":"binary-expr","locations":[{"start":{"line":25,"column":8},"end":{"line":25,"column":37}},{"start":{"line":25,"column":41},"end":{"line":25,"column":61}}],"line":25},"5":{"loc":{"start":{"line":27,"column":23},"end":{"line":27,"column":55}},"type":"cond-expr","locations":[{"start":{"line":27,"column":31},"end":{"line":27,"column":50}},{"start":{"line":27,"column":53},"end":{"line":27,"column":55}}],"line":27},"6":{"loc":{"start":{"line":29,"column":31},"end":{"line":29,"column":90}},"type":"cond-expr","locations":[{"start":{"line":29,"column":67},"end":{"line":29,"column":85}},{"start":{"line":29,"column":88},"end":{"line":29,"column":90}}],"line":29},"7":{"loc":{"start":{"line":29,"column":31},"end":{"line":29,"column":64}},"type":"binary-expr","locations":[{"start":{"line":29,"column":31},"end":{"line":29,"column":40}},{"start":{"line":29,"column":44},"end":{"line":29,"column":64}}],"line":29},"8":{"loc":{"start":{"line":32,"column":160},"end":{"line":32,"column":188}},"type":"cond-expr","locations":[{"start":{"line":32,"column":173},"end":{"line":32,"column":183}},{"start":{"line":32,"column":186},"end":{"line":32,"column":188}}],"line":32},"9":{"loc":{"start":{"line":45,"column":11},"end":{"line":45,"column":74}},"type":"binary-expr","locations":[{"start":{"line":45,"column":11},"end":{"line":45,"column":41}},{"start":{"line":45,"column":45},"end":{"line":45,"column":74}}],"line":45},"10":{"loc":{"start":{"line":48,"column":4},"end":{"line":50,"column":5}},"type":"if","locations":[{"start":{"line":48,"column":4},"end":{"line":50,"column":5}},{"start":{},"end":{}}],"line":48},"11":{"loc":{"start":{"line":48,"column":8},"end":{"line":48,"column":63}},"type":"binary-expr","locations":[{"start":{"line":48,"column":8},"end":{"line":48,"column":32}},{"start":{"line":48,"column":36},"end":{"line":48,"column":54}},{"start":{"line":48,"column":58},"end":{"line":48,"column":63}}],"line":48},"12":{"loc":{"start":{"line":53,"column":4},"end":{"line":55,"column":5}},"type":"if","locations":[{"start":{"line":53,"column":4},"end":{"line":55,"column":5}},{"start":{},"end":{}}],"line":53},"13":{"loc":{"start":{"line":67,"column":30},"end":{"line":69,"column":68}},"type":"cond-expr","locations":[{"start":{"line":68,"column":10},"end":{"line":68,"column":28}},{"start":{"line":69,"column":10},"end":{"line":69,"column":68}}],"line":67},"14":{"loc":{"start":{"line":95,"column":4},"end":{"line":97,"column":5}},"type":"if","locations":[{"start":{"line":95,"column":4},"end":{"line":97,"column":5}},{"start":{},"end":{}}],"line":95},"15":{"loc":{"start":{"line":98,"column":4},"end":{"line":100,"column":5}},"type":"if","locations":[{"start":{"line":98,"column":4},"end":{"line":100,"column":5}},{"start":{},"end":{}}],"line":98},"16":{"loc":{"start":{"line":107,"column":8},"end":{"line":109,"column":9}},"type":"if","locations":[{"start":{"line":107,"column":8},"end":{"line":109,"column":9}},{"start":{},"end":{}}],"line":107},"17":{"loc":{"start":{"line":107,"column":12},"end":{"line":107,"column":71}},"type":"binary-expr","locations":[{"start":{"line":107,"column":12},"end":{"line":107,"column":34}},{"start":{"line":107,"column":38},"end":{"line":107,"column":71}}],"line":107},"18":{"loc":{"start":{"line":110,"column":8},"end":{"line":121,"column":9}},"type":"if","locations":[{"start":{"line":110,"column":8},"end":{"line":121,"column":9}},{"start":{"line":119,"column":13},"end":{"line":121,"column":9}}],"line":110},"19":{"loc":{"start":{"line":111,"column":12},"end":{"line":113,"column":13}},"type":"if","locations":[{"start":{"line":111,"column":12},"end":{"line":113,"column":13}},{"start":{},"end":{}}],"line":111},"20":{"loc":{"start":{"line":115,"column":12},"end":{"line":117,"column":13}},"type":"if","locations":[{"start":{"line":115,"column":12},"end":{"line":117,"column":13}},{"start":{},"end":{}}],"line":115},"21":{"loc":{"start":{"line":123,"column":4},"end":{"line":125,"column":5}},"type":"if","locations":[{"start":{"line":123,"column":4},"end":{"line":125,"column":5}},{"start":{},"end":{}}],"line":123}},"s":{"0":1,"1":1,"2":56,"3":21,"4":21,"5":1,"6":20,"7":52,"8":34,"9":68,"10":34,"11":2,"12":32,"13":11,"14":32,"15":20,"16":1,"17":4,"18":4,"19":3,"20":3,"21":4,"22":56,"23":12,"24":56,"25":56,"26":58,"27":57,"28":1,"29":10,"30":1,"31":6,"32":5,"33":1,"34":8,"35":4,"36":1,"37":4,"38":4,"39":4,"40":3,"41":6,"42":55,"43":16,"44":55,"45":54,"46":55,"47":63,"48":63,"49":63,"50":63,"51":63,"52":63,"53":8,"54":1,"55":7,"56":1,"57":6,"58":6,"59":6,"60":14,"61":14,"62":14,"63":2,"64":12,"65":5,"66":1,"67":4,"68":4,"69":2,"70":7,"71":3,"72":1,"73":2,"74":2,"75":54,"76":54,"77":54,"78":54,"79":54,"80":54,"81":54,"82":54,"83":54,"84":54,"85":54},"f":{"0":56,"1":21,"2":52,"3":34,"4":68,"5":11,"6":4,"7":56,"8":12,"9":56,"10":58,"11":57,"12":10,"13":6,"14":8,"15":4,"16":3,"17":6,"18":55,"19":16,"20":55,"21":54,"22":55,"23":63,"24":8,"25":2,"26":54},"b":{"0":[1,20],"1":[2,32],"2":[34,33],"3":[3,1],"4":[4,4],"5":[3,0],"6":[2,2],"7":[4,4],"8":[9,3],"9":[10,5],"10":[5,1],"11":[6,3,1],"12":[4,4],"13":[3,3],"14":[1,7],"15":[1,6],"16":[2,12],"17":[14,14],"18":[5,7],"19":[1,4],"20":[2,2],"21":[1,2]},"_coverageSchema":"1a1c01bbd47fc00a2c39e90264f33305004495a9","hash":"e0aeafc130fd8fa548218c9b938188f06ee0488c"}
}
