TN:
SF:index.js
FN:3,wrapIntoDiv
FN:6,cssToObject
FN:11,(anonymous_2)
FN:12,(anonymous_3)
FN:13,(anonymous_4)
FN:16,(anonymous_5)
FN:22,(anonymous_6)
FN:26,closeSelfClosingTags
FN:27,(anonymous_8)
FN:30,convertEventAttributesToCamelCase
FN:33,convertClassToClassName
FN:36,removeComments
FN:39,(anonymous_12)
FN:42,(anonymous_13)
FN:47,(anonymous_14)
FN:52,(anonymous_15)
FN:59,toCamelCase
FN:62,(anonymous_17)
FN:67,convertStyleToObject
FN:68,(anonymous_19)
FN:72,imageFix
FN:75,removeInvalidTags
FN:78,removeUnsuportedAttrs
FN:81,replaceAttributes
FN:89,validateHtml
FN:119,(anonymous_25)
FN:123,indentAllLines
FN:137,convert
FNF:28
FNH:27
FNDA:56,wrapIntoDiv
FNDA:19,cssToObject
FNDA:48,(anonymous_2)
FNDA:32,(anonymous_3)
FNDA:64,(anonymous_4)
FNDA:11,(anonymous_5)
FNDA:0,(anonymous_6)
FNDA:56,closeSelfClosingTags
FNDA:12,(anonymous_8)
FNDA:56,convertEventAttributesToCamelCase
FNDA:58,convertClassToClassName
FNDA:57,removeComments
FNDA:10,(anonymous_12)
FNDA:6,(anonymous_13)
FNDA:8,(anonymous_14)
FNDA:4,(anonymous_15)
FNDA:3,toCamelCase
FNDA:6,(anonymous_17)
FNDA:55,convertStyleToObject
FNDA:16,(anonymous_19)
FNDA:55,imageFix
FNDA:54,removeInvalidTags
FNDA:55,removeUnsuportedAttrs
FNDA:63,replaceAttributes
FNDA:8,validateHtml
FNDA:2,(anonymous_25)
FNDA:54,indentAllLines
FNDA:54,convert
DA:1,1
DA:2,1
DA:4,56
DA:7,19
DA:8,19
DA:9,1
DA:10,18
DA:11,48
DA:13,64
DA:14,32
DA:15,0
DA:16,32
DA:17,32
DA:20,18
DA:22,1
DA:23,0
DA:24,0
DA:27,56
DA:28,56
DA:31,56
DA:34,58
DA:37,57
DA:39,1
DA:40,10
DA:42,1
DA:43,6
DA:44,5
DA:47,1
DA:48,8
DA:49,4
DA:52,1
DA:54,4
DA:55,4
DA:56,4
DA:60,3
DA:62,6
DA:68,55
DA:69,16
DA:73,55
DA:76,54
DA:79,55
DA:82,63
DA:83,63
DA:84,63
DA:85,63
DA:86,63
DA:87,63
DA:90,8
DA:91,1
DA:93,7
DA:94,1
DA:96,6
DA:97,6
DA:99,6
DA:100,14
DA:101,14
DA:102,14
DA:103,2
DA:105,12
DA:106,5
DA:107,1
DA:109,4
DA:110,4
DA:111,2
DA:115,7
DA:118,3
DA:119,2
DA:121,2
DA:124,54
DA:125,0
DA:128,0
DA:129,0
DA:132,0
DA:135,54
DA:138,54
DA:139,54
DA:140,54
DA:141,54
DA:142,54
DA:143,54
DA:144,54
DA:145,54
DA:146,54
DA:147,54
DA:148,54
LF:85
LH:78
BRDA:8,0,0,1
BRDA:8,0,1,18
BRDA:14,1,0,0
BRDA:14,1,1,32
BRDA:14,2,0,32
BRDA:14,2,1,32
BRDA:27,3,0,9
BRDA:27,3,1,3
BRDA:40,4,0,10
BRDA:40,4,1,5
BRDA:43,5,0,5
BRDA:43,5,1,1
BRDA:43,6,0,6
BRDA:43,6,1,3
BRDA:43,6,2,1
BRDA:48,7,0,4
BRDA:48,7,1,4
BRDA:62,8,0,3
BRDA:62,8,1,3
BRDA:90,9,0,1
BRDA:90,9,1,7
BRDA:93,10,0,1
BRDA:93,10,1,6
BRDA:102,11,0,2
BRDA:102,11,1,12
BRDA:102,12,0,14
BRDA:102,12,1,14
BRDA:105,13,0,5
BRDA:105,13,1,7
BRDA:106,14,0,1
BRDA:106,14,1,4
BRDA:110,15,0,2
BRDA:110,15,1,2
BRDA:118,16,0,1
BRDA:118,16,1,2
BRDA:124,17,0,0
BRDA:124,17,1,54
BRDA:124,18,0,54
BRDA:124,18,1,0
BRF:39
BRH:36
end_of_record
