TN:
SF:index.js
FN:4,wrapIntoDiv
FN:7,cssToObject
FN:12,(anonymous_2)
FN:13,(anonymous_3)
FN:14,(anonymous_4)
FN:17,(anonymous_5)
FN:23,(anonymous_6)
FN:27,closeSelfClosingTags
FN:28,(anonymous_8)
FN:31,convertEventAttributesToCamelCase
FN:34,convertClassToClassName
FN:37,removeComments
FN:40,indentAllLines
FN:43,(anonymous_13)
FN:46,(anonymous_14)
FN:51,(anonymous_15)
FN:56,(anonymous_16)
FN:63,toCamelCase
FN:66,(anonymous_18)
FN:71,convertStyleToObject
FN:72,(anonymous_20)
FN:76,imageFix
FN:79,removeInvalidTags
FN:82,removeUnsuportedAttrs
FN:85,replaceAttributes
FN:93,validateHtml
FN:123,(anonymous_26)
FN:127,convert
FNF:28
FNH:27
FNDA:2,wrapIntoDiv
FNDA:4,cssToObject
FNDA:7,(anonymous_2)
FNDA:4,(anonymous_3)
FNDA:8,(anonymous_4)
FNDA:1,(anonymous_5)
FNDA:3,(anonymous_6)
FNDA:9,closeSelfClosingTags
FNDA:10,(anonymous_8)
FNDA:5,convertEventAttributesToCamelCase
FNDA:4,convertClassToClassName
FNDA:4,removeComments
FNDA:2,indentAllLines
FNDA:6,(anonymous_13)
FNDA:2,(anonymous_14)
FNDA:4,(anonymous_15)
FNDA:2,(anonymous_16)
FNDA:3,toCamelCase
FNDA:6,(anonymous_18)
FNDA:2,convertStyleToObject
FNDA:2,(anonymous_20)
FNDA:2,imageFix
FNDA:2,removeInvalidTags
FNDA:2,removeUnsuportedAttrs
FNDA:7,replaceAttributes
FNDA:4,validateHtml
FNDA:0,(anonymous_26)
FNDA:1,convert
DA:2,1
DA:3,1
DA:5,2
DA:8,4
DA:9,4
DA:10,1
DA:11,3
DA:12,7
DA:14,8
DA:15,4
DA:16,0
DA:17,4
DA:18,4
DA:21,3
DA:23,1
DA:24,3
DA:25,3
DA:28,10
DA:29,8
DA:32,5
DA:35,4
DA:38,4
DA:41,2
DA:43,1
DA:44,6
DA:46,1
DA:47,2
DA:48,2
DA:51,1
DA:52,4
DA:53,2
DA:56,1
DA:58,2
DA:59,2
DA:60,2
DA:64,3
DA:66,6
DA:72,2
DA:73,2
DA:77,2
DA:80,2
DA:83,2
DA:86,7
DA:87,7
DA:88,7
DA:89,7
DA:90,7
DA:91,7
DA:94,4
DA:95,0
DA:97,4
DA:98,1
DA:100,3
DA:101,3
DA:103,3
DA:104,9
DA:105,9
DA:106,9
DA:107,2
DA:109,7
DA:110,3
DA:111,0
DA:113,3
DA:114,3
DA:115,1
DA:119,4
DA:122,2
DA:123,0
DA:125,2
DA:128,1
DA:129,1
DA:130,1
DA:131,1
DA:132,1
DA:133,1
DA:134,1
DA:135,1
DA:136,1
DA:137,1
DA:138,1
DA:142,1
DA:143,1
DA:144,1
DA:145,1
DA:146,1
LF:85
LH:81
BRDA:9,0,0,1
BRDA:9,0,1,3
BRDA:15,1,0,0
BRDA:15,1,1,4
BRDA:15,2,0,4
BRDA:15,2,1,4
BRDA:28,3,0,4
BRDA:28,3,1,6
BRDA:44,4,0,6
BRDA:44,4,1,3
BRDA:47,5,0,2
BRDA:47,5,1,0
BRDA:47,6,0,2
BRDA:47,6,1,1
BRDA:47,6,2,0
BRDA:52,7,0,2
BRDA:52,7,1,2
BRDA:66,8,0,3
BRDA:66,8,1,3
BRDA:94,9,0,0
BRDA:94,9,1,4
BRDA:97,10,0,1
BRDA:97,10,1,3
BRDA:106,11,0,2
BRDA:106,11,1,7
BRDA:106,12,0,9
BRDA:106,12,1,9
BRDA:109,13,0,3
BRDA:109,13,1,4
BRDA:110,14,0,0
BRDA:110,14,1,3
BRDA:114,15,0,1
BRDA:114,15,1,2
BRDA:122,16,0,0
BRDA:122,16,1,2
BRF:35
BRH:29
end_of_record
